#
# There is insufficient memory for the Java Runtime Environment to continue.
# Native memory allocation (malloc) failed to allocate 1142496 bytes for Chunk::new
# Possible reasons:
#   The system is out of physical RAM or swap space
#   In 32 bit mode, the process size limit was hit
# Possible solutions:
#   Reduce memory load on the system
#   Increase physical memory or swap space
#   Check if swap backing store is full
#   Use 64 bit Java on a 64 bit OS
#   Decrease Java heap size (-Xmx/-Xms)
#   Decrease number of Java threads
#   Decrease Java thread stack sizes (-Xss)
#   Set larger code cache with -XX:ReservedCodeCacheSize=
# This output file may be truncated or incomplete.
#
#  Out of Memory Error (allocation.cpp:323), pid=10808, tid=3312
#
# JRE version: Java(TM) SE Runtime Environment (7.0_79-b15) (build 1.7.0_79-b15)
# Java VM: Java HotSpot(TM) 64-Bit Server VM (24.79-b02 mixed mode windows-amd64 compressed oops)
# Failed to write core dump. Minidumps are not enabled by default on client versions of Windows
#

---------------  T H R E A D  ---------------

Current thread (0x000000000811f000):  JavaThread "C2 CompilerThread1" daemon [_thread_in_native, id=3312, stack(0x0000000009780000,0x0000000009880000)]

Stack: [0x0000000009780000,0x0000000009880000]

Current CompileTask:
C2:   3271  353             com.android.dx.ssa.DeadCodeRemover::run (194 bytes)


---------------  P R O C E S S  ---------------

Java Threads: ( => current thread )
  0x0000000009c6e000 JavaThread "pool-1-thread-4" [_thread_in_Java, id=7376, stack(0x000000000a280000,0x000000000a380000)]
  0x0000000009c6d800 JavaThread "pool-1-thread-3" [_thread_in_Java, id=10332, stack(0x000000000a180000,0x000000000a280000)]
  0x0000000009c86000 JavaThread "pool-1-thread-2" [_thread_in_Java, id=6248, stack(0x000000000a080000,0x000000000a180000)]
  0x0000000009c5a800 JavaThread "pool-2-thread-1" [_thread_blocked, id=6800, stack(0x0000000009f80000,0x000000000a080000)]
  0x0000000009c5a000 JavaThread "pool-1-thread-1" [_thread_in_Java, id=5764, stack(0x0000000009e80000,0x0000000009f80000)]
  0x0000000008125000 JavaThread "Service Thread" daemon [_thread_blocked, id=8704, stack(0x0000000009880000,0x0000000009980000)]
=>0x000000000811f000 JavaThread "C2 CompilerThread1" daemon [_thread_in_native, id=3312, stack(0x0000000009780000,0x0000000009880000)]
  0x000000000811c000 JavaThread "C2 CompilerThread0" daemon [_thread_in_native, id=11068, stack(0x0000000009680000,0x0000000009780000)]
  0x000000000811b000 JavaThread "Attach Listener" daemon [_thread_blocked, id=11120, stack(0x0000000009580000,0x0000000009680000)]
  0x0000000008118000 JavaThread "Signal Dispatcher" daemon [_thread_blocked, id=1776, stack(0x0000000009480000,0x0000000009580000)]
  0x00000000080df800 JavaThread "Finalizer" daemon [_thread_blocked, id=8212, stack(0x0000000009380000,0x0000000009480000)]
  0x00000000080d6000 JavaThread "Reference Handler" daemon [_thread_blocked, id=4496, stack(0x0000000009280000,0x0000000009380000)]
  0x0000000001fed800 JavaThread "main" [_thread_in_Java, id=10048, stack(0x0000000001ff0000,0x00000000020f0000)]

Other Threads:
  0x00000000080d1000 VMThread [stack: 0x0000000009180000,0x0000000009280000] [id=9404]
  0x0000000008132800 WatcherThread [stack: 0x0000000009980000,0x0000000009a80000] [id=9264]

VM state:not at safepoint (normal execution)

VM Mutex/Monitor currently owned by a thread: None

Heap
 PSYoungGen      total 37888K, used 19741K [0x00000000eaa80000, 0x00000000ed480000, 0x0000000100000000)
  eden space 32768K, 44% used [0x00000000eaa80000,0x00000000eb8cb110,0x00000000eca80000)
  from space 5120K, 99% used [0x00000000ecf80000,0x00000000ed47c348,0x00000000ed480000)
  to   space 5120K, 0% used [0x00000000eca80000,0x00000000eca80000,0x00000000ecf80000)
 ParOldGen       total 85504K, used 6475K [0x00000000c0000000, 0x00000000c5380000, 0x00000000eaa80000)
  object space 85504K, 7% used [0x00000000c0000000,0x00000000c0652e60,0x00000000c5380000)
 PSPermGen       total 21504K, used 5806K [0x00000000bae00000, 0x00000000bc300000, 0x00000000c0000000)
  object space 21504K, 27% used [0x00000000bae00000,0x00000000bb3ab8f0,0x00000000bc300000)

Card table byte_map: [0x00000000052f0000,0x0000000005520000] byte_map_base: 0x0000000004d19000

Polling page: 0x0000000001fd0000

Code Cache  [0x0000000002230000, 0x00000000024a0000, 0x0000000005230000)
 total_blobs=592 nmethods=355 adapters=189 free_code_cache=47749Kb largest_free_block=48862400

Compilation events (10 events):
Event: 3.157 Thread 0x000000000811f000 nmethod 352 0x0000000002315a50 code [0x0000000002315b80, 0x0000000002315bd8]
Event: 3.157 Thread 0x000000000811f000  353             com.android.dx.ssa.DeadCodeRemover::run (194 bytes)
Event: 3.214 Thread 0x000000000811c000 nmethod 345 0x00000000023913d0 code [0x0000000002391920, 0x0000000002393ef0]
Event: 3.215 Thread 0x000000000811c000  354             com.android.dx.ssa.back.LivenessAnalyzer::coInterferePhis (128 bytes)
Event: 3.236 Thread 0x000000000811c000 nmethod 354 0x000000000238e050 code [0x000000000238e220, 0x000000000238e968]
Event: 3.236 Thread 0x000000000811c000  355             com.android.dx.util.BitIntSet::has (28 bytes)
Event: 3.237 Thread 0x000000000811c000 nmethod 355 0x000000000238f950 code [0x000000000238fa80, 0x000000000238fb38]
Event: 3.237 Thread 0x000000000811c000  356             com.android.dx.ssa.SsaMethod::getRegCount (5 bytes)
Event: 3.237 Thread 0x000000000811c000 nmethod 356 0x0000000002315810 code [0x0000000002315940, 0x0000000002315998]
Event: 3.237 Thread 0x000000000811c000  357             com.android.dx.ssa.SsaMethod::makeExitBlock (134 bytes)

GC Heap History (4 events):
Event: 2.135 GC heap before
{Heap before GC invocations=1 (full 0):
 PSYoungGen      total 37888K, used 32768K [0x00000000eaa80000, 0x00000000ed480000, 0x0000000100000000)
  eden space 32768K, 100% used [0x00000000eaa80000,0x00000000eca80000,0x00000000eca80000)
  from space 5120K, 0% used [0x00000000ecf80000,0x00000000ecf80000,0x00000000ed480000)
  to   space 5120K, 0% used [0x00000000eca80000,0x00000000eca80000,0x00000000ecf80000)
 ParOldGen       total 85504K, used 0K [0x00000000c0000000, 0x00000000c5380000, 0x00000000eaa80000)
  object space 85504K, 0% used [0x00000000c0000000,0x00000000c0000000,0x00000000c5380000)
 PSPermGen       total 21504K, used 5722K [0x00000000bae00000, 0x00000000bc300000, 0x00000000c0000000)
  object space 21504K, 26% used [0x00000000bae00000,0x00000000bb396910,0x00000000bc300000)
Event: 2.149 GC heap after
Heap after GC invocations=1 (full 0):
 PSYoungGen      total 37888K, used 5116K [0x00000000eaa80000, 0x00000000ed480000, 0x0000000100000000)
  eden space 32768K, 0% used [0x00000000eaa80000,0x00000000eaa80000,0x00000000eca80000)
  from space 5120K, 99% used [0x00000000eca80000,0x00000000ecf7f1d8,0x00000000ecf80000)
  to   space 5120K, 0% used [0x00000000ecf80000,0x00000000ecf80000,0x00000000ed480000)
 ParOldGen       total 85504K, used 1659K [0x00000000c0000000, 0x00000000c5380000, 0x00000000eaa80000)
  object space 85504K, 1% used [0x00000000c0000000,0x00000000c019ef20,0x00000000c5380000)
 PSPermGen       total 21504K, used 5722K [0x00000000bae00000, 0x00000000bc300000, 0x00000000c0000000)
  object space 21504K, 26% used [0x00000000bae00000,0x00000000bb396910,0x00000000bc300000)
}
Event: 2.904 GC heap before
{Heap before GC invocations=2 (full 0):
 PSYoungGen      total 37888K, used 37884K [0x00000000eaa80000, 0x00000000ed480000, 0x0000000100000000)
  eden space 32768K, 100% used [0x00000000eaa80000,0x00000000eca80000,0x00000000eca80000)
  from space 5120K, 99% used [0x00000000eca80000,0x00000000ecf7f1d8,0x00000000ecf80000)
  to   space 5120K, 0% used [0x00000000ecf80000,0x00000000ecf80000,0x00000000ed480000)
 ParOldGen       total 85504K, used 1659K [0x00000000c0000000, 0x00000000c5380000, 0x00000000eaa80000)
  object space 85504K, 1% used [0x00000000c0000000,0x00000000c019ef20,0x00000000c5380000)
 PSPermGen       total 21504K, used 5788K [0x00000000bae00000, 0x00000000bc300000, 0x00000000c0000000)
  object space 21504K, 26% used [0x00000000bae00000,0x00000000bb3a7038,0x00000000bc300000)
Event: 2.968 GC heap after
Heap after GC invocations=2 (full 0):
 PSYoungGen      total 37888K, used 5104K [0x00000000eaa80000, 0x00000000ed480000, 0x0000000100000000)
  eden space 32768K, 0% used [0x00000000eaa80000,0x00000000eaa80000,0x00000000eca80000)
  from space 5120K, 99% used [0x00000000ecf80000,0x00000000ed47c348,0x00000000ed480000)
  to   space 5120K, 0% used [0x00000000eca80000,0x00000000eca80000,0x00000000ecf80000)
 ParOldGen       total 85504K, used 6475K [0x00000000c0000000, 0x00000000c5380000, 0x00000000eaa80000)
  object space 85504K, 7% used [0x00000000c0000000,0x00000000c0652e60,0x00000000c5380000)
 PSPermGen       total 21504K, used 5788K [0x00000000bae00000, 0x00000000bc300000, 0x00000000c0000000)
  object space 21504K, 26% used [0x00000000bae00000,0x00000000bb3a7038,0x00000000bc300000)
}

Deoptimization events (10 events):
Event: 1.473 Thread 0x0000000009c6e000 Uncommon trap: reason=class_check action=maybe_recompile pc=0x00000000022bf37c method=com.android.dx.ssa.NormalSsaInsn.accept(Lcom/android/dx/ssa/SsaInsn$Visitor;)V @ 9
Event: 1.486 Thread 0x0000000009c6e000 Uncommon trap: reason=class_check action=maybe_recompile pc=0x00000000022bf37c method=com.android.dx.ssa.NormalSsaInsn.accept(Lcom/android/dx/ssa/SsaInsn$Visitor;)V @ 9
Event: 1.543 Thread 0x0000000001fed800 Uncommon trap: reason=class_check action=maybe_recompile pc=0x00000000022bf37c method=com.android.dx.ssa.NormalSsaInsn.accept(Lcom/android/dx/ssa/SsaInsn$Visitor;)V @ 9
Event: 1.986 Thread 0x0000000001fed800 Uncommon trap: reason=unreached action=reinterpret pc=0x00000000022f2908 method=com.android.dx.ssa.LocalVariableExtractor.processBlock(I)V @ 251
Event: 2.094 Thread 0x0000000009c5a000 Uncommon trap: reason=null_check action=make_not_entrant pc=0x00000000022ed2d4 method=com.android.dx.ssa.SsaRenamer.getLocalForNewReg(I)Lcom/android/dx/rop/code/LocalItem; @ 19
Event: 2.449 Thread 0x0000000001fed800 Uncommon trap: reason=null_check action=make_not_entrant pc=0x0000000002318698 method=com.android.dx.rop.type.Type.putIntern(Lcom/android/dx/rop/type/Type;)Lcom/android/dx/rop/type/Type; @ 18
Event: 2.458 Thread 0x0000000009c86000 Uncommon trap: reason=unreached action=reinterpret pc=0x000000000230baa0 method=com.android.dx.rop.code.LocalVariableExtractor.processBlock(I)V @ 195
Event: 3.169 Thread 0x0000000009c86000 Uncommon trap: reason=unreached action=reinterpret pc=0x00000000023634ac method=com.android.dx.ssa.MoveParamCombiner$1.visitNonMoveInsn(Lcom/android/dx/ssa/NormalSsaInsn;)V @ 27
Event: 3.216 Thread 0x0000000009c5a000 Uncommon trap: reason=bimorphic action=maybe_recompile pc=0x000000000231bb4c method=java.util.HashMap.put(Ljava/lang/Object;Ljava/lang/Object;)Ljava/lang/Object; @ 83
Event: 3.216 Thread 0x0000000009c5a000 Uncommon trap: reason=unreached action=reinterpret pc=0x00000000022b2544 method=com.android.dx.rop.cst.Constant.compareTo(Lcom/android/dx/rop/cst/Constant;)I @ 12

Internal exceptions (10 events):
Event: 1.200 Thread 0x0000000009c5a000 Threw 0x00000000eb3dbac0 at C:\re\jdk7u79\2331\hotspot\src\share\vm\prims\jvm.cpp:1304
Event: 1.202 Thread 0x0000000001fed800 Threw 0x00000000eb2ca018 at C:\re\jdk7u79\2331\hotspot\src\share\vm\prims\jvm.cpp:1304
Event: 1.246 Thread 0x0000000001fed800 Threw 0x00000000eb5df598 at C:\re\jdk7u79\2331\hotspot\src\share\vm\prims\jvm.cpp:1304
Event: 1.255 Thread 0x0000000009c6d800 Threw 0x00000000eb492db8 at C:\re\jdk7u79\2331\hotspot\src\share\vm\prims\jvm.cpp:1304
Event: 2.035 Thread 0x0000000001fed800 Threw 0x00000000ec628278 at C:\re\jdk7u79\2331\hotspot\src\share\vm\prims\jvm.cpp:1304
Event: 2.050 Thread 0x0000000009c6e000 Threw 0x00000000ec271e40 at C:\re\jdk7u79\2331\hotspot\src\share\vm\prims\jvm.cpp:1304
Event: 2.094 Thread 0x0000000009c5a000 Implicit null exception at 0x00000000022ebfec to 0x00000000022ed2a9
Event: 2.449 Thread 0x0000000001fed800 Implicit null exception at 0x0000000002317fab to 0x0000000002318689
Event: 2.478 Thread 0x0000000009c6d800 Threw 0x00000000eb33c5e8 at C:\re\jdk7u79\2331\hotspot\src\share\vm\prims\jvm.cpp:1304
Event: 3.217 Thread 0x0000000009c5a000 Threw 0x00000000eb685710 at C:\re\jdk7u79\2331\hotspot\src\share\vm\prims\jvm.cpp:1304

Events (10 events):
Event: 3.169 Thread 0x0000000009c86000 DEOPT PACKING pc=0x00000000023634ac sp=0x000000000a17ee90
Event: 3.169 Thread 0x0000000009c86000 DEOPT UNPACKING pc=0x00000000022675a4 sp=0x000000000a17ede8 mode 2
Event: 3.216 Thread 0x0000000009c5a000 Uncommon trap: trap_request=0xffffffc6 fr.pc=0x000000000231bb4c
Event: 3.216 Thread 0x0000000009c5a000 DEOPT PACKING pc=0x000000000231bb4c sp=0x0000000009f7e720
Event: 3.216 Thread 0x0000000009c5a000 DEOPT UNPACKING pc=0x00000000022675a4 sp=0x0000000009f7e6c8 mode 2
Event: 3.216 Thread 0x0000000009c5a000 Uncommon trap: trap_request=0xffffffad fr.pc=0x00000000022b2544
Event: 3.216 Thread 0x0000000009c5a000 DEOPT PACKING pc=0x00000000022b2544 sp=0x0000000009f7e420
Event: 3.216 Thread 0x0000000009c5a000 DEOPT UNPACKING pc=0x00000000022675a4 sp=0x0000000009f7e3c0 mode 2
Event: 3.217 loading class 0x0000000009bdde80
Event: 3.217 loading class 0x0000000009bdde80 done


Dynamic libraries:
0x00007ff74f7f0000 - 0x00007ff74f823000 	C:\Program Files\Java\jdk1.7.0_79\bin\java.exe
0x00007ff9da440000 - 0x00007ff9da5ec000 	C:\WINDOWS\SYSTEM32\ntdll.dll
0x00007ff9d7d40000 - 0x00007ff9d7e7e000 	C:\WINDOWS\system32\KERNEL32.DLL
0x00007ff9d7660000 - 0x00007ff9d7775000 	C:\WINDOWS\system32\KERNELBASE.dll
0x00007ff9d6130000 - 0x00007ff9d61be000 	C:\WINDOWS\system32\apphelp.dll
0x00007ff9ab700000 - 0x00007ff9ab753000 	C:\WINDOWS\AppPatch\AppPatch64\AcGenral.DLL
0x00007ff9d9e70000 - 0x00007ff9d9f1a000 	C:\WINDOWS\system32\msvcrt.dll
0x00007ff9d71e0000 - 0x00007ff9d720e000 	C:\WINDOWS\SYSTEM32\SspiCli.dll
0x00007ff9d9a30000 - 0x00007ff9d9a84000 	C:\WINDOWS\system32\SHLWAPI.dll
0x00007ff9d9c30000 - 0x00007ff9d9da7000 	C:\WINDOWS\system32\USER32.dll
0x00007ff9d8100000 - 0x00007ff9d8294000 	C:\WINDOWS\system32\ole32.dll
0x00007ff9d82a0000 - 0x00007ff9d97cb000 	C:\WINDOWS\system32\SHELL32.dll
0x00007ff9d6b30000 - 0x00007ff9d6b51000 	C:\WINDOWS\SYSTEM32\USERENV.dll
0x00007ff9d7ee0000 - 0x00007ff9d7f8a000 	C:\WINDOWS\system32\ADVAPI32.dll
0x00007ff9cca70000 - 0x00007ff9cca8e000 	C:\WINDOWS\SYSTEM32\MPR.dll
0x00007ff9da140000 - 0x00007ff9da281000 	C:\WINDOWS\system32\RPCRT4.dll
0x00007ff9d7e80000 - 0x00007ff9d7ed9000 	C:\WINDOWS\SYSTEM32\sechost.dll
0x00007ff9d9f20000 - 0x00007ff9da131000 	C:\WINDOWS\SYSTEM32\combase.dll
0x00007ff9d7ac0000 - 0x00007ff9d7c0f000 	C:\WINDOWS\system32\GDI32.dll
0x00007ff9d7590000 - 0x00007ff9d75a5000 	C:\WINDOWS\SYSTEM32\profapi.dll
0x00007ff9d5b00000 - 0x00007ff9d5bb2000 	C:\WINDOWS\SYSTEM32\SHCORE.dll
0x00007ff9d9dc0000 - 0x00007ff9d9df6000 	C:\WINDOWS\system32\IMM32.DLL
0x00007ff9d7fa0000 - 0x00007ff9d80f2000 	C:\WINDOWS\system32\MSCTF.dll
0x00007ff9d5020000 - 0x00007ff9d529b000 	C:\WINDOWS\WinSxS\amd64_microsoft.windows.common-controls_6595b64144ccf1df_6.0.9600.18006_none_623f33d3ecbe86e8\COMCTL32.dll
0x0000000067170000 - 0x0000000067242000 	C:\Program Files\Java\jdk1.7.0_79\jre\bin\msvcr100.dll
0x00000000675e0000 - 0x0000000067db5000 	C:\Program Files\Java\jdk1.7.0_79\jre\bin\server\jvm.dll
0x00007ff9d3550000 - 0x00007ff9d3559000 	C:\WINDOWS\SYSTEM32\WSOCK32.dll
0x00007ff9cf010000 - 0x00007ff9cf032000 	C:\WINDOWS\SYSTEM32\WINMM.dll
0x00007ff9d9a90000 - 0x00007ff9d9a97000 	C:\WINDOWS\system32\PSAPI.DLL
0x00007ff9d7cd0000 - 0x00007ff9d7d2a000 	C:\WINDOWS\system32\WS2_32.dll
0x00007ff9cefc0000 - 0x00007ff9cefea000 	C:\WINDOWS\SYSTEM32\WINMMBASE.dll
0x00007ff9d7d30000 - 0x00007ff9d7d39000 	C:\WINDOWS\system32\NSI.dll
0x00007ff9d7780000 - 0x00007ff9d77cf000 	C:\WINDOWS\SYSTEM32\cfgmgr32.dll
0x00007ff9d6380000 - 0x00007ff9d63a8000 	C:\WINDOWS\SYSTEM32\DEVOBJ.dll
0x00000000693d0000 - 0x00000000693df000 	C:\Program Files\Java\jdk1.7.0_79\jre\bin\verify.dll
0x00000000675b0000 - 0x00000000675d8000 	C:\Program Files\Java\jdk1.7.0_79\jre\bin\java.dll
0x0000000067590000 - 0x00000000675a5000 	C:\Program Files\Java\jdk1.7.0_79\jre\bin\zip.dll
0x0000000067570000 - 0x000000006758a000 	C:\Program Files\Java\jdk1.7.0_79\jre\bin\net.dll
0x00007ff9d6da0000 - 0x00007ff9d6df9000 	C:\WINDOWS\system32\mswsock.dll
0x0000000067550000 - 0x0000000067561000 	C:\Program Files\Java\jdk1.7.0_79\jre\bin\nio.dll

VM Arguments:
jvm_args: -Xmx1024M -Dfile.encoding=windows-1252 -Duser.country=US -Duser.language=en -Duser.variant 
java_command: com.android.dx.command.Main --dex --num-threads=4 --output D:\Instantify\app\build\intermediates\pre-dexed\debug\firebase-client-jvm-2.4.0-6e18670bfadd599d8f16feb5353ae98562a8829f.jar C:\Users\Notika\.gradle\caches\modules-2\files-2.1\com.firebase\firebase-client-jvm\2.4.0\558e074f136fee609b8758480ecd00e286595137\firebase-client-jvm-2.4.0.jar
Launcher Type: SUN_STANDARD

Environment Variables:
PATH=C:\Program Files (x86)\Intel\iCLS Client\;C:\Program Files\Intel\iCLS Client\;C:\WINDOWS\system32;C:\WINDOWS;C:\WINDOWS\System32\Wbem;C:\WINDOWS\System32\WindowsPowerShell\v1.0\;C:\Program Files\Intel\Intel(R) Management Engine Components\DAL;C:\Program Files\Intel\Intel(R) Management Engine Components\IPT;C:\Program Files (x86)\Intel\Intel(R) Management Engine Components\DAL;C:\Program Files (x86)\Intel\Intel(R) Management Engine Components\IPT;C:\Program Files\Diskeeper Corporation\ExpressCache\;C:\Program Files\Microsoft\Web Platform Installer\;C:\Program Files (x86)\Microsoft ASP.NET\ASP.NET Web Pages\v1.0\;C:\Program Files (x86)\Windows Kits\8.0\Windows Performance Toolkit\;C:\Program Files\Microsoft SQL Server\110\Tools\Binn\;C:\Program Files (x86)\Skype\Phone\
USERNAME=Notika
OS=Windows_NT
PROCESSOR_IDENTIFIER=Intel64 Family 6 Model 58 Stepping 9, GenuineIntel



---------------  S Y S T E M  ---------------

OS: Windows 8.1 , 64 bit Build 9600 

CPU:total 4 (2 cores per cpu, 2 threads per core) family 6 model 58 stepping 9, cmov, cx8, fxsr, mmx, sse, sse2, sse3, ssse3, sse4.1, sse4.2, popcnt, avx, erms, ht, tsc, tscinvbit, tscinv

Memory: 4k page, physical 8245076k(897824k free), swap 11390804k(6112k free)

vm_info: Java HotSpot(TM) 64-Bit Server VM (24.79-b02) for windows-amd64 JRE (1.7.0_79-b15), built on Apr 10 2015 12:36:16 by "java_re" with unknown MS VC++:1600

time: Tue Oct 20 07:37:44 2015
elapsed time: 3 seconds

