#
# There is insufficient memory for the Java Runtime Environment to continue.
# Native memory allocation (malloc) failed to allocate 1048576 bytes for AllocateHeap
# Possible reasons:
#   The system is out of physical RAM or swap space
#   In 32 bit mode, the process size limit was hit
# Possible solutions:
#   Reduce memory load on the system
#   Increase physical memory or swap space
#   Check if swap backing store is full
#   Use 64 bit Java on a 64 bit OS
#   Decrease Java heap size (-Xmx/-Xms)
#   Decrease number of Java threads
#   Decrease Java thread stack sizes (-Xss)
#   Set larger code cache with -XX:ReservedCodeCacheSize=
# This output file may be truncated or incomplete.
#
#  Out of Memory Error (memory/allocation.inline.hpp:61), pid=372, tid=10384
#
# JRE version:  (7.0_79-b15) (build )
# Java VM: Java HotSpot(TM) 64-Bit Server VM (24.79-b02 mixed mode windows-amd64 compressed oops)
# Failed to write core dump. Minidumps are not enabled by default on client versions of Windows
#

---------------  T H R E A D  ---------------

Current thread (0x0000000002b3d800):  JavaThread "Unknown thread" [_thread_in_vm, id=10384, stack(0x0000000002b40000,0x0000000002c40000)]

Stack: [0x0000000002b40000,0x0000000002c40000]

---------------  P R O C E S S  ---------------

Java Threads: ( => current thread )

Other Threads:

=>0x0000000002b3d800 (exited) JavaThread "Unknown thread" [_thread_in_vm, id=10384, stack(0x0000000002b40000,0x0000000002c40000)]

VM state:not at safepoint (normal execution)

VM Mutex/Monitor currently owned by a thread: None

Heap
 PSYoungGen      total 37888K, used 655K [0x00000000eaa80000, 0x00000000ed480000, 0x0000000100000000)
  eden space 32768K, 2% used [0x00000000eaa80000,0x00000000eab23dc8,0x00000000eca80000)
  from space 5120K, 0% used [0x00000000ecf80000,0x00000000ecf80000,0x00000000ed480000)
  to   space 5120K, 0% used [0x00000000eca80000,0x00000000eca80000,0x00000000ecf80000)
 ParOldGen       total 85504K, used 0K [0x00000000c0000000, 0x00000000c5380000, 0x00000000eaa80000)
  object space 85504K, 0% used [0x00000000c0000000,0x00000000c0000000,0x00000000c5380000)
 PSPermGen       total 21504K, used 697K [0x00000000bae00000, 0x00000000bc300000, 0x00000000c0000000)
  object space 21504K, 3% used [0x00000000bae00000,0x00000000baeae588,0x00000000bc300000)

Card table byte_map: [0x0000000005e00000,0x0000000006030000] byte_map_base: 0x0000000005829000

Polling page: 0x0000000002ae0000

Code Cache  [0x0000000002d40000, 0x0000000002fb0000, 0x0000000005d40000)
 total_blobs=38 nmethods=0 adapters=20 free_code_cache=48889Kb largest_free_block=50062528

Compilation events (0 events):
No events

GC Heap History (0 events):
No events

Deoptimization events (0 events):
No events

Internal exceptions (0 events):
No events

Events (10 events):
Event: 0.271 loading class 0x0000000002c86ca0
Event: 0.271 loading class 0x0000000002c86ca0 done
Event: 0.271 loading class 0x0000000002c86cf0
Event: 0.272 loading class 0x0000000002c86cf0 done
Event: 0.272 loading class 0x0000000002c86d40
Event: 0.272 loading class 0x0000000002c86d40 done
Event: 0.273 loading class 0x0000000002c87ac0
Event: 0.273 loading class 0x0000000002c87ac0 done
Event: 0.273 loading class 0x0000000002c876e0
Event: 0.273 loading class 0x0000000002c876e0 done


Dynamic libraries:
0x00007ff74f7f0000 - 0x00007ff74f823000 	C:\Program Files\Java\jdk1.7.0_79\bin\java.exe
0x00007ff9da440000 - 0x00007ff9da5ec000 	C:\WINDOWS\SYSTEM32\ntdll.dll
0x00007ff9d7d40000 - 0x00007ff9d7e7e000 	C:\WINDOWS\system32\KERNEL32.DLL
0x00007ff9d7660000 - 0x00007ff9d7775000 	C:\WINDOWS\system32\KERNELBASE.dll
0x00007ff9d6130000 - 0x00007ff9d61be000 	C:\WINDOWS\system32\apphelp.dll
0x00007ff9ab700000 - 0x00007ff9ab753000 	C:\WINDOWS\AppPatch\AppPatch64\AcGenral.DLL
0x00007ff9d9e70000 - 0x00007ff9d9f1a000 	C:\WINDOWS\system32\msvcrt.dll
0x00007ff9d71e0000 - 0x00007ff9d720e000 	C:\WINDOWS\SYSTEM32\SspiCli.dll
0x00007ff9d9a30000 - 0x00007ff9d9a84000 	C:\WINDOWS\system32\SHLWAPI.dll
0x00007ff9d9c30000 - 0x00007ff9d9da7000 	C:\WINDOWS\system32\USER32.dll
0x00007ff9d8100000 - 0x00007ff9d8294000 	C:\WINDOWS\system32\ole32.dll
0x00007ff9d82a0000 - 0x00007ff9d97cb000 	C:\WINDOWS\system32\SHELL32.dll
0x00007ff9d6b30000 - 0x00007ff9d6b51000 	C:\WINDOWS\SYSTEM32\USERENV.dll
0x00007ff9d7ee0000 - 0x00007ff9d7f8a000 	C:\WINDOWS\system32\ADVAPI32.dll
0x00007ff9cca70000 - 0x00007ff9cca8e000 	C:\WINDOWS\SYSTEM32\MPR.dll
0x00007ff9da140000 - 0x00007ff9da281000 	C:\WINDOWS\system32\RPCRT4.dll
0x00007ff9d7e80000 - 0x00007ff9d7ed9000 	C:\WINDOWS\SYSTEM32\sechost.dll
0x00007ff9d9f20000 - 0x00007ff9da131000 	C:\WINDOWS\SYSTEM32\combase.dll
0x00007ff9d7ac0000 - 0x00007ff9d7c0f000 	C:\WINDOWS\system32\GDI32.dll
0x00007ff9d7590000 - 0x00007ff9d75a5000 	C:\WINDOWS\SYSTEM32\profapi.dll
0x00007ff9d5b00000 - 0x00007ff9d5bb2000 	C:\WINDOWS\SYSTEM32\SHCORE.dll
0x00007ff9d9dc0000 - 0x00007ff9d9df6000 	C:\WINDOWS\system32\IMM32.DLL
0x00007ff9d7fa0000 - 0x00007ff9d80f2000 	C:\WINDOWS\system32\MSCTF.dll
0x00007ff9d5020000 - 0x00007ff9d529b000 	C:\WINDOWS\WinSxS\amd64_microsoft.windows.common-controls_6595b64144ccf1df_6.0.9600.18006_none_623f33d3ecbe86e8\COMCTL32.dll
0x0000000067170000 - 0x0000000067242000 	C:\Program Files\Java\jdk1.7.0_79\jre\bin\msvcr100.dll
0x00000000675e0000 - 0x0000000067db5000 	C:\Program Files\Java\jdk1.7.0_79\jre\bin\server\jvm.dll
0x00007ff9d3550000 - 0x00007ff9d3559000 	C:\WINDOWS\SYSTEM32\WSOCK32.dll
0x00007ff9cf010000 - 0x00007ff9cf032000 	C:\WINDOWS\SYSTEM32\WINMM.dll
0x00007ff9d9a90000 - 0x00007ff9d9a97000 	C:\WINDOWS\system32\PSAPI.DLL
0x00007ff9d7cd0000 - 0x00007ff9d7d2a000 	C:\WINDOWS\system32\WS2_32.dll
0x00007ff9cefc0000 - 0x00007ff9cefea000 	C:\WINDOWS\SYSTEM32\WINMMBASE.dll
0x00007ff9d7d30000 - 0x00007ff9d7d39000 	C:\WINDOWS\system32\NSI.dll
0x00007ff9d7780000 - 0x00007ff9d77cf000 	C:\WINDOWS\SYSTEM32\cfgmgr32.dll
0x00007ff9d6380000 - 0x00007ff9d63a8000 	C:\WINDOWS\SYSTEM32\DEVOBJ.dll
0x00000000693d0000 - 0x00000000693df000 	C:\Program Files\Java\jdk1.7.0_79\jre\bin\verify.dll
0x00000000675b0000 - 0x00000000675d8000 	C:\Program Files\Java\jdk1.7.0_79\jre\bin\java.dll
0x0000000067590000 - 0x00000000675a5000 	C:\Program Files\Java\jdk1.7.0_79\jre\bin\zip.dll

VM Arguments:
jvm_args: -Xmx1024M -Dfile.encoding=windows-1252 -Duser.country=US -Duser.language=en -Duser.variant 
java_command: com.android.dx.command.Main --dex --num-threads=4 --output D:\Instantify\app\build\intermediates\pre-dexed\debug\classes-e7f3da0bcb5b78d74d940b741f03910f389d0ef1.jar D:\Instantify\app\build\intermediates\exploded-aar\com.android.support\support-v4\23.0.1\jars\classes.jar
Launcher Type: SUN_STANDARD

Environment Variables:
PATH=C:\Program Files (x86)\Intel\iCLS Client\;C:\Program Files\Intel\iCLS Client\;C:\WINDOWS\system32;C:\WINDOWS;C:\WINDOWS\System32\Wbem;C:\WINDOWS\System32\WindowsPowerShell\v1.0\;C:\Program Files\Intel\Intel(R) Management Engine Components\DAL;C:\Program Files\Intel\Intel(R) Management Engine Components\IPT;C:\Program Files (x86)\Intel\Intel(R) Management Engine Components\DAL;C:\Program Files (x86)\Intel\Intel(R) Management Engine Components\IPT;C:\Program Files\Diskeeper Corporation\ExpressCache\;C:\Program Files\Microsoft\Web Platform Installer\;C:\Program Files (x86)\Microsoft ASP.NET\ASP.NET Web Pages\v1.0\;C:\Program Files (x86)\Windows Kits\8.0\Windows Performance Toolkit\;C:\Program Files\Microsoft SQL Server\110\Tools\Binn\;C:\Program Files (x86)\Skype\Phone\
USERNAME=Notika
OS=Windows_NT
PROCESSOR_IDENTIFIER=Intel64 Family 6 Model 58 Stepping 9, GenuineIntel



---------------  S Y S T E M  ---------------

OS: Windows 8.1 , 64 bit Build 9600 

CPU:total 4 (2 cores per cpu, 2 threads per core) family 6 model 58 stepping 9, cmov, cx8, fxsr, mmx, sse, sse2, sse3, ssse3, sse4.1, sse4.2, popcnt, avx, erms, ht, tsc, tscinvbit, tscinv

Memory: 4k page, physical 8245076k(1053268k free), swap 11390804k(13344k free)

vm_info: Java HotSpot(TM) 64-Bit Server VM (24.79-b02) for windows-amd64 JRE (1.7.0_79-b15), built on Apr 10 2015 12:36:16 by "java_re" with unknown MS VC++:1600

time: Tue Oct 20 07:36:24 2015
elapsed time: 0 seconds

